2011/01/20 22:05:33 [error] [php] include(ReflectionMethod.php) [<a href='function.include'>function.include</a>]: failed to open stream: No such file or directory (/home/peach/public_html/yii-1.1.6.r2877/framework/YiiBase.php:395)
Stack trace:
#0 /home/peach/public_html/yii-1.1.6.r2877/framework/web/actions/CInlineAction.php(33): spl_autoload_call()
#1 /home/peach/public_html/yii-1.1.6.r2877/framework/web/CController.php(300): CInlineAction->run()
#2 /home/peach/public_html/yii-1.1.6.r2877/framework/web/CController.php(278): SiteController->runAction()
#3 /home/peach/public_html/yii-1.1.6.r2877/framework/web/CController.php(257): SiteController->runActionWithFilters()
#4 /home/peach/public_html/yii-1.1.6.r2877/framework/web/CWebApplication.php(328): SiteController->run()
#5 /home/peach/public_html/yii-1.1.6.r2877/framework/web/CWebApplication.php(121): CWebApplication->runController()
#6 /home/peach/public_html/yii-1.1.6.r2877/framework/base/CApplication.php(155): CWebApplication->processRequest()
#7 /home/peach/public_html/mag/index.php(13): CWebApplication->run()
REQUEST_URI=/
in /home/peach/public_html/mag/index.php (13)
2011/01/20 22:05:49 [error] [php] include(ReflectionMethod.php) [<a href='function.include'>function.include</a>]: failed to open stream: No such file or directory (/home/peach/public_html/yii-1.1.6.r2877/framework/YiiBase.php:395)
Stack trace:
#0 /home/peach/public_html/yii-1.1.6.r2877/framework/web/actions/CInlineAction.php(33): spl_autoload_call()
#1 /home/peach/public_html/yii-1.1.6.r2877/framework/web/CController.php(300): CInlineAction->run()
#2 /home/peach/public_html/yii-1.1.6.r2877/framework/web/CController.php(278): SiteController->runAction()
#3 /home/peach/public_html/yii-1.1.6.r2877/framework/web/CController.php(257): SiteController->runActionWithFilters()
#4 /home/peach/public_html/yii-1.1.6.r2877/framework/web/CWebApplication.php(328): SiteController->run()
#5 /home/peach/public_html/yii-1.1.6.r2877/framework/web/CWebApplication.php(121): CWebApplication->runController()
#6 /home/peach/public_html/yii-1.1.6.r2877/framework/base/CApplication.php(155): CWebApplication->processRequest()
#7 /home/peach/public_html/mag/index-test.php(15): CWebApplication->run()
REQUEST_URI=/index-test.php
2011/01/20 22:07:52 [error] [php] include(ReflectionMethod.php) [<a href='function.include'>function.include</a>]: failed to open stream: No such file or directory (/home/peach/public_html/yii-1.1.6.r2877/framework/YiiBase.php:395)
Stack trace:
#0 /home/peach/public_html/yii-1.1.6.r2877/framework/web/actions/CInlineAction.php(33): spl_autoload_call()
#1 /home/peach/public_html/yii-1.1.6.r2877/framework/web/CController.php(300): CInlineAction->run()
#2 /home/peach/public_html/yii-1.1.6.r2877/framework/web/CController.php(278): SiteController->runAction()
#3 /home/peach/public_html/yii-1.1.6.r2877/framework/web/CController.php(257): SiteController->runActionWithFilters()
#4 /home/peach/public_html/yii-1.1.6.r2877/framework/web/CWebApplication.php(328): SiteController->run()
#5 /home/peach/public_html/yii-1.1.6.r2877/framework/web/CWebApplication.php(121): CWebApplication->runController()
#6 /home/peach/public_html/yii-1.1.6.r2877/framework/base/CApplication.php(155): CWebApplication->processRequest()
#7 /home/peach/public_html/mag/index-test.php(15): CWebApplication->run()
REQUEST_URI=/index-test.php
2011/01/20 22:07:55 [error] [php] include(ReflectionMethod.php) [<a href='function.include'>function.include</a>]: failed to open stream: No such file or directory (/home/peach/public_html/yii-1.1.6.r2877/framework/YiiBase.php:395)
Stack trace:
#0 /home/peach/public_html/yii-1.1.6.r2877/framework/web/actions/CInlineAction.php(33): spl_autoload_call()
#1 /home/peach/public_html/yii-1.1.6.r2877/framework/web/CController.php(300): CInlineAction->run()
#2 /home/peach/public_html/yii-1.1.6.r2877/framework/web/CController.php(278): SiteController->runAction()
#3 /home/peach/public_html/yii-1.1.6.r2877/framework/web/CController.php(257): SiteController->runActionWithFilters()
#4 /home/peach/public_html/yii-1.1.6.r2877/framework/web/CWebApplication.php(328): SiteController->run()
#5 /home/peach/public_html/yii-1.1.6.r2877/framework/web/CWebApplication.php(121): CWebApplication->runController()
#6 /home/peach/public_html/yii-1.1.6.r2877/framework/base/CApplication.php(155): CWebApplication->processRequest()
#7 /home/peach/public_html/mag/index.php(13): CWebApplication->run()
REQUEST_URI=/
in /home/peach/public_html/mag/index.php (13)
2011/01/20 22:09:03 [error] [php] include(ReflectionMethod.php) [<a href='function.include'>function.include</a>]: failed to open stream: No such file or directory (/home/peach/public_html/yii-1.1.6.r2877/framework/YiiBase.php:395)
Stack trace:
#0 /home/peach/public_html/yii-1.1.6.r2877/framework/web/actions/CInlineAction.php(33): spl_autoload_call()
#1 /home/peach/public_html/yii-1.1.6.r2877/framework/web/CController.php(300): CInlineAction->run()
#2 /home/peach/public_html/yii-1.1.6.r2877/framework/web/CController.php(278): SiteController->runAction()
#3 /home/peach/public_html/yii-1.1.6.r2877/framework/web/CController.php(257): SiteController->runActionWithFilters()
#4 /home/peach/public_html/yii-1.1.6.r2877/framework/web/CWebApplication.php(328): SiteController->run()
#5 /home/peach/public_html/yii-1.1.6.r2877/framework/web/CWebApplication.php(121): CWebApplication->runController()
#6 /home/peach/public_html/yii-1.1.6.r2877/framework/base/CApplication.php(155): CWebApplication->processRequest()
#7 /home/peach/public_html/mag/index.php(13): CWebApplication->run()
REQUEST_URI=/
in /home/peach/public_html/mag/index.php (13)
2011/01/20 22:09:06 [error] [php] include(ReflectionMethod.php) [<a href='function.include'>function.include</a>]: failed to open stream: No such file or directory (/home/peach/public_html/yii-1.1.6.r2877/framework/YiiBase.php:395)
Stack trace:
#0 /home/peach/public_html/yii-1.1.6.r2877/framework/web/actions/CInlineAction.php(33): spl_autoload_call()
#1 /home/peach/public_html/yii-1.1.6.r2877/framework/web/CController.php(300): CInlineAction->run()
#2 /home/peach/public_html/yii-1.1.6.r2877/framework/web/CController.php(278): SiteController->runAction()
#3 /home/peach/public_html/yii-1.1.6.r2877/framework/web/CController.php(257): SiteController->runActionWithFilters()
#4 /home/peach/public_html/yii-1.1.6.r2877/framework/web/CWebApplication.php(328): SiteController->run()
#5 /home/peach/public_html/yii-1.1.6.r2877/framework/web/CWebApplication.php(121): CWebApplication->runController()
#6 /home/peach/public_html/yii-1.1.6.r2877/framework/base/CApplication.php(155): CWebApplication->processRequest()
#7 /home/peach/public_html/mag/index.php(13): CWebApplication->run()
REQUEST_URI=/
in /home/peach/public_html/mag/index.php (13)
2011/01/20 22:11:49 [error] [php] include(ReflectionMethod.php) [<a href='function.include'>function.include</a>]: failed to open stream: No such file or directory (/home/peach/public_html/yii-1.1.6.r2877/framework/YiiBase.php:395)
Stack trace:
#0 /home/peach/public_html/yii-1.1.6.r2877/framework/web/actions/CInlineAction.php(33): spl_autoload_call()
#1 /home/peach/public_html/yii-1.1.6.r2877/framework/web/CController.php(300): CInlineAction->run()
#2 /home/peach/public_html/yii-1.1.6.r2877/framework/web/CController.php(278): SiteController->runAction()
#3 /home/peach/public_html/yii-1.1.6.r2877/framework/web/CController.php(257): SiteController->runActionWithFilters()
#4 /home/peach/public_html/yii-1.1.6.r2877/framework/web/CWebApplication.php(328): SiteController->run()
#5 /home/peach/public_html/yii-1.1.6.r2877/framework/web/CWebApplication.php(121): CWebApplication->runController()
#6 /home/peach/public_html/yii-1.1.6.r2877/framework/base/CApplication.php(155): CWebApplication->processRequest()
#7 /home/peach/public_html/mag/index.php(13): CWebApplication->run()
REQUEST_URI=/
in /home/peach/public_html/mag/index.php (13)
